\BOOKMARK [1][-]{section.1}{Design \046 Implementazione}{}% 1
\BOOKMARK [2][-]{subsection.1.1}{Classe per la gestione dei Messaggi}{section.1}% 2
\BOOKMARK [2][-]{subsection.1.2}{Classi per la realizzazione dei Peer}{section.1}% 3
\BOOKMARK [3][-]{subsubsection.1.2.1}{Peer}{subsection.1.2}% 4
\BOOKMARK [3][-]{subsubsection.1.2.2}{SimplePeer}{subsection.1.2}% 5
\BOOKMARK [3][-]{subsubsection.1.2.3}{SimpleBootstrapPeer}{subsection.1.2}% 6
\BOOKMARK [3][-]{subsubsection.1.2.4}{PongCachePeer}{subsection.1.2}% 7
\BOOKMARK [3][-]{subsubsection.1.2.5}{PongCacheBootstrapPeer}{subsection.1.2}% 8
\BOOKMARK [3][-]{subsubsection.1.2.6}{RefinedPongCachePeer}{subsection.1.2}% 9
\BOOKMARK [3][-]{subsubsection.1.2.7}{RefinedPongCacheBootstrapPeer}{subsection.1.2}% 10
\BOOKMARK [2][-]{subsection.1.3}{Classi per la gestione della pong cache}{section.1}% 11
\BOOKMARK [2][-]{subsection.1.4}{Classe per la gestione della rete dei Peer}{section.1}% 12
\BOOKMARK [2][-]{subsection.1.5}{Parametri del Sistema}{section.1}% 13
\BOOKMARK [2][-]{subsection.1.6}{Altre Classi}{section.1}% 14
\BOOKMARK [3][-]{subsubsection.1.6.1}{File dei peer}{subsection.1.6}% 15
\BOOKMARK [3][-]{subsubsection.1.6.2}{File delle connessioni}{subsection.1.6}% 16
\BOOKMARK [3][-]{subsubsection.1.6.3}{File della dinamica}{subsection.1.6}% 17
\BOOKMARK [3][-]{subsubsection.1.6.4}{Generazione della rete}{subsection.1.6}% 18
\BOOKMARK [1][-]{section.2}{Performance}{}% 19
\BOOKMARK [2][-]{subsection.2.1}{Numero dei messaggi per ogni peer}{section.2}% 20
\BOOKMARK [2][-]{subsection.2.2}{Numero di messagi totali}{section.2}% 21
\BOOKMARK [2][-]{subsection.2.3}{Messaggi legati al refresh}{section.2}% 22
\BOOKMARK [1][-]{section.3}{User Guide}{}% 23
\BOOKMARK [2][-]{subsection.3.1}{Installation}{section.3}% 24
\BOOKMARK [2][-]{subsection.3.2}{Documentation}{section.3}% 25
\BOOKMARK [2][-]{subsection.3.3}{Software Usage}{section.3}% 26
\BOOKMARK [1][-]{section.4}{Future Improvements}{}% 27
\BOOKMARK [1][-]{section.5}{Licence}{}% 28
